#
# There is insufficient memory for the Java Runtime Environment to continue.
# Native memory allocation (malloc) failed to allocate 107776 bytes for Chunk::new
# Possible reasons:
#   The system is out of physical RAM or swap space
#   In 32 bit mode, the process size limit was hit
# Possible solutions:
#   Reduce memory load on the system
#   Increase physical memory or swap space
#   Check if swap backing store is full
#   Use 64 bit Java on a 64 bit OS
#   Decrease Java heap size (-Xmx/-Xms)
#   Decrease number of Java threads
#   Decrease Java thread stack sizes (-Xss)
#   Set larger code cache with -XX:ReservedCodeCacheSize=
# This output file may be truncated or incomplete.
#
#  Out of Memory Error (allocation.cpp:390), pid=9580, tid=0x00000000000019c0
#
# JRE version: OpenJDK Runtime Environment (8.0_152-b01) (build 1.8.0_152-release-915-b01)
# Java VM: OpenJDK 64-Bit Server VM (25.152-b01 mixed mode windows-amd64 compressed oops)
# Failed to write core dump. Minidumps are not enabled by default on client versions of Windows
#

---------------  T H R E A D  ---------------

Current thread (0x000000001750f000):  JavaThread "C2 CompilerThread0" daemon [_thread_in_native, id=6592, stack(0x0000000018c70000,0x0000000018d70000)]

Stack: [0x0000000018c70000,0x0000000018d70000]
[error occurred during error reporting (printing stack bounds), id 0xc0000005]

Native frames: (J=compiled Java code, j=interpreted, Vv=VM code, C=native code)


Current CompileTask:
C2:   1082 1022       4       com.android.dx.ssa.back.LivenessAnalyzer::liveInAtStatement (55 bytes)


---------------  P R O C E S S  ---------------

Java Threads: ( => current thread )
  0x0000000019138000 JavaThread "pool-1-thread-4" [_thread_blocked, id=2908, stack(0x0000000019970000,0x0000000019a70000)]
  0x000000001912e000 JavaThread "pool-1-thread-3" [_thread_in_Java, id=19784, stack(0x0000000019870000,0x0000000019970000)]
  0x000000001912c800 JavaThread "pool-1-thread-2" [_thread_in_vm, id=16556, stack(0x0000000019770000,0x0000000019870000)]
  0x0000000019169000 JavaThread "pool-2-thread-1" [_thread_blocked, id=6064, stack(0x0000000019670000,0x0000000019770000)]
  0x00000000190c6000 JavaThread "pool-1-thread-1" [_thread_blocked, id=6004, stack(0x0000000019570000,0x0000000019670000)]
  0x0000000018e77000 JavaThread "Service Thread" daemon [_thread_blocked, id=5724, stack(0x0000000019370000,0x0000000019470000)]
  0x0000000018e70800 JavaThread "C1 CompilerThread2" daemon [_thread_in_native, id=8684, stack(0x0000000019270000,0x0000000019370000)]
  0x0000000017563800 JavaThread "C2 CompilerThread1" daemon [_thread_in_native, id=17568, stack(0x0000000018d70000,0x0000000018e70000)]
=>0x000000001750f000 JavaThread "C2 CompilerThread0" daemon [_thread_in_native, id=6592, stack(0x0000000018c70000,0x0000000018d70000)]
  0x000000001750d800 JavaThread "Attach Listener" daemon [_thread_blocked, id=9480, stack(0x0000000018b70000,0x0000000018c70000)]
  0x000000001750a000 JavaThread "Signal Dispatcher" daemon [_thread_blocked, id=16188, stack(0x0000000018a70000,0x0000000018b70000)]
  0x00000000174f8800 JavaThread "Finalizer" daemon [_thread_blocked, id=11072, stack(0x0000000018770000,0x0000000018870000)]
  0x0000000001982000 JavaThread "Reference Handler" daemon [_thread_blocked, id=12868, stack(0x0000000018670000,0x0000000018770000)]
  0x0000000000bce800 JavaThread "main" [_thread_blocked, id=17628, stack(0x0000000001660000,0x0000000001760000)]

Other Threads:
  0x00000000174d5800 VMThread [stack: 0x0000000018570000,0x0000000018670000] [id=13908]
  0x0000000018e78000 WatcherThread [stack: 0x0000000019470000,0x0000000019570000] [id=17208]

VM state:not at safepoint (normal execution)

VM Mutex/Monitor currently owned by a thread: None

Heap:
 PSYoungGen      total 76288K, used 40646K [0x00000000eab00000, 0x00000000f0000000, 0x0000000100000000)
  eden space 65536K, 62% used [0x00000000eab00000,0x00000000ed2b1990,0x00000000eeb00000)
  from space 10752K, 0% used [0x00000000ef580000,0x00000000ef580000,0x00000000f0000000)
  to   space 10752K, 0% used [0x00000000eeb00000,0x00000000eeb00000,0x00000000ef580000)
 ParOldGen       total 175104K, used 0K [0x00000000c0000000, 0x00000000cab00000, 0x00000000eab00000)
  object space 175104K, 0% used [0x00000000c0000000,0x00000000c0000000,0x00000000cab00000)
 Metaspace       used 5887K, capacity 6896K, committed 7040K, reserved 1056768K
  class space    used 580K, capacity 616K, committed 640K, reserved 1048576K

Card table byte_map: [0x0000000001d60000,0x0000000001f70000] byte_map_base: 0x0000000001760000

Marking Bits: (ParMarkBitMap*) 0x0000000076653950
 Begin Bits: [0x0000000014970000, 0x0000000015970000)
 End Bits:   [0x0000000015970000, 0x0000000016970000)

Polling page: 0x0000000001760000

CodeCache: size=245760Kb used=4166Kb max_used=4168Kb free=241593Kb
 bounds [0x0000000005410000, 0x0000000005830000, 0x0000000014410000]
 total_blobs=1308 nmethods=1046 adapters=176
 compilation: enabled

Compilation events (10 events):
Event: 1.080 Thread 0x0000000018e70800 1048  s    3       com.android.dx.dex.file.StringIdsSection::intern (53 bytes)
Event: 1.080 Thread 0x000000001750f000 nmethod 1034 0x000000000581f710 code [0x000000000581f8c0, 0x0000000005820398]
Event: 1.080 Thread 0x000000001750f000 1022       4       com.android.dx.ssa.back.LivenessAnalyzer::liveInAtStatement (55 bytes)
Event: 1.080 Thread 0x0000000018e70800 nmethod 1048 0x0000000005813950 code [0x0000000005813b40, 0x00000000058144d8]
Event: 1.080 Thread 0x0000000018e70800 1049       3       com.android.dx.ssa.SsaMethod::forEachBlockDepthFirstDom (128 bytes)
Event: 1.081 Thread 0x0000000017563800 nmethod 1033 0x000000000581d9d0 code [0x000000000581db20, 0x000000000581dc98]
Event: 1.081 Thread 0x0000000017563800 1023       4       com.android.dx.rop.cst.CstString::compareTo0 (15 bytes)
Event: 1.081 Thread 0x0000000018e70800 nmethod 1049 0x0000000005821590 code [0x00000000058218e0, 0x00000000058239d8]
Event: 1.081 Thread 0x0000000017563800 nmethod 1023 0x0000000005811450 code [0x00000000058115a0, 0x0000000005811778]
Event: 1.081 Thread 0x0000000017563800 1018       4       java.util.ArrayList::toArray (12 bytes)

GC Heap History (0 events):
No events

Deoptimization events (10 events):
Event: 0.414 Thread 0x0000000000bce800 Uncommon trap: reason=unstable_if action=reinterpret pc=0x000000000556e454 method=java.lang.String.compareTo(Ljava/lang/String;)I @ 38
Event: 0.987 Thread 0x0000000019138000 Uncommon trap: reason=class_check action=maybe_recompile pc=0x00000000057553cc method=com.android.dx.rop.type.Type.equals(Ljava/lang/Object;)Z @ 8
Event: 0.987 Thread 0x0000000019138000 Uncommon trap: reason=unstable_if action=reinterpret pc=0x00000000057019f8 method=java.util.HashMap.getNode(ILjava/lang/Object;)Ljava/util/HashMap$Node; @ 62
Event: 0.987 Thread 0x0000000019138000 Uncommon trap: reason=unstable_if action=reinterpret pc=0x00000000057553b0 method=com.android.dx.rop.code.RegisterSpec.equals(ILcom/android/dx/rop/type/TypeBearer;Lcom/android/dx/rop/code/LocalItem;)Z @ 16
Event: 0.987 Thread 0x0000000019138000 Uncommon trap: reason=unstable_if action=reinterpret pc=0x0000000005626aac method=java.util.HashMap.getNode(ILjava/lang/Object;)Ljava/util/HashMap$Node; @ 129
Event: 0.992 Thread 0x0000000019138000 Uncommon trap: reason=class_check action=maybe_recompile pc=0x00000000057655f8 method=com.android.dx.rop.type.Type.equals(Ljava/lang/Object;)Z @ 8
Event: 0.992 Thread 0x0000000019138000 Uncommon trap: reason=class_check action=maybe_recompile pc=0x00000000057655f8 method=com.android.dx.rop.type.Type.equals(Ljava/lang/Object;)Z @ 8
Event: 0.992 Thread 0x0000000019138000 Uncommon trap: reason=class_check action=maybe_recompile pc=0x00000000057655f8 method=com.android.dx.rop.type.Type.equals(Ljava/lang/Object;)Z @ 8
Event: 1.003 Thread 0x000000001912c800 Uncommon trap: reason=unstable_if action=reinterpret pc=0x00000000056288b0 method=java.util.BitSet.nextSetBit(I)I @ 87
Event: 1.027 Thread 0x0000000000bce800 Uncommon trap: reason=unstable_if action=reinterpret pc=0x00000000057a2eec method=com.android.dx.rop.code.RegisterSpecSet.put(Lcom/android/dx/rop/code/RegisterSpec;)V @ 77

Classes redefined (0 events):
No events

Internal exceptions (2 events):
Event: 0.040 Thread 0x0000000000bce800 Exception <a 'java/lang/NoSuchMethodError': Method sun.misc.Unsafe.defineClass(Ljava/lang/String;[BII)Ljava/lang/Class; name or signature does not match> (0x00000000eab07ca8) thrown at [D:\src\AOSP-openjdk-cygwin\jdk8u\hotspot\src\share\vm\prims\jni.cpp, 
Event: 0.040 Thread 0x0000000000bce800 Exception <a 'java/lang/NoSuchMethodError': Method sun.misc.Unsafe.prefetchRead(Ljava/lang/Object;J)V name or signature does not match> (0x00000000eab07f90) thrown at [D:\src\AOSP-openjdk-cygwin\jdk8u\hotspot\src\share\vm\prims\jni.cpp, line 4011]

Events (10 events):
Event: 1.000 loading class java/util/TreeMap$EntryIterator
Event: 1.000 loading class java/util/TreeMap$EntryIterator done
Event: 1.003 Thread 0x000000001912c800 Uncommon trap: trap_request=0xffffff65 fr.pc=0x00000000056288b0
Event: 1.003 Thread 0x000000001912c800 DEOPT PACKING pc=0x00000000056288b0 sp=0x000000001986e750
Event: 1.003 Thread 0x000000001912c800 DEOPT UNPACKING pc=0x000000000545556a sp=0x000000001986e6d8 mode 2
Event: 1.027 Thread 0x0000000000bce800 Uncommon trap: trap_request=0xffffff65 fr.pc=0x00000000057a2eec
Event: 1.027 Thread 0x0000000000bce800 DEOPT PACKING pc=0x00000000057a2eec sp=0x000000000175e580
Event: 1.027 Thread 0x0000000000bce800 DEOPT UNPACKING pc=0x000000000545556a sp=0x000000000175e508 mode 2
Event: 1.044 Executing VM operation: ForceSafepoint
Event: 1.048 Executing VM operation: ForceSafepoint done


Dynamic libraries:
0x00007ff71d5a0000 - 0x00007ff71d5d1000 	C:\Program Files\Android\Android Studio\jre\bin\java.exe
0x00007ffd48e60000 - 0x00007ffd49040000 	C:\WINDOWS\SYSTEM32\ntdll.dll
0x00007ffd48b10000 - 0x00007ffd48bbe000 	C:\WINDOWS\System32\KERNEL32.DLL
0x00007ffd460c0000 - 0x00007ffd46326000 	C:\WINDOWS\System32\KERNELBASE.dll
0x00007ffd480e0000 - 0x00007ffd48181000 	C:\WINDOWS\System32\ADVAPI32.dll
0x00007ffd483f0000 - 0x00007ffd4848d000 	C:\WINDOWS\System32\msvcrt.dll
0x00007ffd48630000 - 0x00007ffd4868b000 	C:\WINDOWS\System32\sechost.dll
0x00007ffd46640000 - 0x00007ffd4675f000 	C:\WINDOWS\System32\RPCRT4.dll
0x00007ffd47ef0000 - 0x00007ffd4807f000 	C:\WINDOWS\System32\USER32.dll
0x00007ffd45d30000 - 0x00007ffd45d50000 	C:\WINDOWS\System32\win32u.dll
0x00007ffd48ae0000 - 0x00007ffd48b08000 	C:\WINDOWS\System32\GDI32.dll
0x00007ffd45b90000 - 0x00007ffd45d23000 	C:\WINDOWS\System32\gdi32full.dll
0x00007ffd45e50000 - 0x00007ffd45eeb000 	C:\WINDOWS\System32\msvcp_win.dll
0x00007ffd45d50000 - 0x00007ffd45e46000 	C:\WINDOWS\System32\ucrtbase.dll
0x00007ffd3dff0000 - 0x00007ffd3e259000 	C:\WINDOWS\WinSxS\amd64_microsoft.windows.common-controls_6595b64144ccf1df_6.0.16299.309_none_15cfd4c4935e6b11\COMCTL32.dll
0x00007ffd46330000 - 0x00007ffd46638000 	C:\WINDOWS\System32\combase.dll
0x00007ffd452c0000 - 0x00007ffd45332000 	C:\WINDOWS\System32\bcryptPrimitives.dll
0x00007ffd46a10000 - 0x00007ffd46a3d000 	C:\WINDOWS\System32\IMM32.DLL
0x0000000075db0000 - 0x0000000075e82000 	C:\Program Files\Android\Android Studio\jre\jre\bin\msvcr100.dll
0x0000000075e90000 - 0x00000000766ce000 	C:\Program Files\Android\Android Studio\jre\jre\bin\server\jvm.dll
0x00007ffd48610000 - 0x00007ffd48618000 	C:\WINDOWS\System32\PSAPI.DLL
0x00007ffd36ff0000 - 0x00007ffd36ff9000 	C:\WINDOWS\SYSTEM32\WSOCK32.dll
0x00007ffd48190000 - 0x00007ffd481fc000 	C:\WINDOWS\System32\WS2_32.dll
0x00007ffd43060000 - 0x00007ffd43083000 	C:\WINDOWS\SYSTEM32\WINMM.dll
0x00007ffd413f0000 - 0x00007ffd413fa000 	C:\WINDOWS\SYSTEM32\VERSION.dll
0x00007ffd43030000 - 0x00007ffd4305a000 	C:\WINDOWS\SYSTEM32\WINMMBASE.dll
0x00007ffd45b40000 - 0x00007ffd45b8a000 	C:\WINDOWS\System32\cfgmgr32.dll
0x00007ffd3afc0000 - 0x00007ffd3afcf000 	C:\Program Files\Android\Android Studio\jre\jre\bin\verify.dll
0x00007ffd3a210000 - 0x00007ffd3a239000 	C:\Program Files\Android\Android Studio\jre\jre\bin\java.dll
0x00007ffd3af80000 - 0x00007ffd3af96000 	C:\Program Files\Android\Android Studio\jre\jre\bin\zip.dll
0x00007ffd46ab0000 - 0x00007ffd47ee6000 	C:\WINDOWS\System32\SHELL32.dll
0x00007ffd48560000 - 0x00007ffd48606000 	C:\WINDOWS\System32\shcore.dll
0x00007ffd45340000 - 0x00007ffd45a87000 	C:\WINDOWS\System32\windows.storage.dll
0x00007ffd48080000 - 0x00007ffd480d1000 	C:\WINDOWS\System32\shlwapi.dll
0x00007ffd45220000 - 0x00007ffd45231000 	C:\WINDOWS\System32\kernel.appcore.dll
0x00007ffd451b0000 - 0x00007ffd451fc000 	C:\WINDOWS\System32\powrprof.dll
0x00007ffd45240000 - 0x00007ffd4525b000 	C:\WINDOWS\System32\profapi.dll

VM Arguments:
jvm_args: -Djava.awt.headless=true -Xmx1024M -Dfile.encoding=windows-1251 -Duser.country=RU -Duser.language=ru -Duser.variant 
java_command: com.android.dx.command.Main --dex --num-threads=4 --output C:\Users\koolguy\Downloads\Colonizers\app\build\intermediates\pre-dexed\debug\com.android.support-support-compat-25.0.1_59dde4f539ccce1a0bb122160272f4c2cc311d89.jar C:\Users\koolguy\Downloads\Colonizers\app\build\intermediates\exploded-aar\com.android.support\support-compat\25.0.1\jars\classes.jar
java_class_path (initial): C:\Users\koolguy\AppData\Local\Android\Sdk\build-tools\25.0.1\lib\dx.jar
Launcher Type: SUN_STANDARD

Environment Variables:
PATH=C:\ProgramData\Oracle\Java\javapath;C:\Program Files (x86)\Intel\iCLS Client\;C:\Program Files\Intel\iCLS Client\;C:\WINDOWS\system32;C:\WINDOWS;C:\WINDOWS\System32\Wbem;C:\WINDOWS\System32\WindowsPowerShell\v1.0\;C:\Program Files (x86)\Intel\OpenCL SDK\2.0\bin\x86;C:\Program Files (x86)\Intel\OpenCL SDK\2.0\bin\x64;C:\Program Files\Microsoft SQL Server\110\Tools\Binn\;C:\Program Files\Microsoft SQL Server\120\Tools\Binn\;C:\Users\Данил\.dnx\bin;C:\Program Files\Microsoft DNX\Dnvm\;C:\Program Files (x86)\Windows Kits\10\Windows Performance Toolkit\;C:\Program Files (x86)\Skype\Phone\;c:\program files (x86)\steam\steamapps\common\d3dgear;C:\Program Files (x86)\NVIDIA Corporation\PhysX\Common;C:\Program Files (x86)\Intel\Intel(R) Management Engine Components\DAL;C:\Program Files\Intel\Intel(R) Management Engine Components\DAL;C:\Program Files (x86)\Intel\Intel(R) Management Engine Components\IPT;C:\Program Files\Intel\Intel(R) Management Engine Components\IPT;C:\WINDOWS\system32;C:\WINDOWS;C:\WINDOWS\System32\Wbem;C:\WINDOWS\System32\WindowsPowerShell\v1.0\;C:\Program Files (x86)\GtkSharp\2.12\bin;C:\Program Files (x86)\Brackets\command;C:\Users\koolguy\AppData\Local\Microsoft\WindowsApps;C:\Users\koolguy\AppData\Local\GitHubDesktop\bin;C:\Users\koolguy\AppData\Local\Programs\Git\cmd
USERNAME=koolguy
OS=Windows_NT
PROCESSOR_IDENTIFIER=Intel64 Family 6 Model 94 Stepping 3, GenuineIntel



---------------  S Y S T E M  ---------------

OS: Windows 10.0 , 64 bit Build 16299 (10.0.16299.15)

CPU:total 4 (initial active 4) (4 cores per cpu, 1 threads per core) family 6 model 94 stepping 3, cmov, cx8, fxsr, mmx, sse, sse2, sse3, ssse3, sse4.1, sse4.2, popcnt, avx, avx2, aes, clmul, erms, rtm, 3dnowpref, lzcnt, tsc, tscinvbit, bmi1, bmi2, adx

Memory: 4k page, physical 16698584k(5211808k free), swap 16698584k(3188k free)

vm_info: OpenJDK 64-Bit Server VM (25.152-b01) for windows-amd64 JRE (1.8.0_152-release-915-b01), built by "builder" with MS VC++ 10.0 (VS2010)

time: Mon Apr 09 22:55:38 2018
elapsed time: 1 seconds (0d 0h 0m 1s)

